Using pre-set license
Built from '2023.2/staging' branch; Version is '2023.2.20f1 (0e25a174756c) revision 927137'; Using compiler version '193431935'; Build Type 'Release'
OS: 'Windows 11  (10.0.22631) 64bit Professional' Language: 'en' Physical Memory: 15724 MB
BatchMode: 1, IsHumanControllingUs: 0, StartBugReporterOnCrash: 0, Is64bit: 1, IsPro: 1

COMMAND LINE ARGUMENTS:
D:\car\Car1-main\2023.2.20f1\Editor\Unity.exe
-adb2
-batchMode
-noUpm
-name
AssetImportWorker0
-projectPath
D:/RPG
-logFile
Logs/AssetImportWorker0.log
-srvPort
49862
-job-worker-count
5
-background-job-worker-count
8
-asset-garbage-collectors
1
Successfully changed project path to: D:/RPG
D:/RPG
[UnityMemory] Configuration Parameters - Can be set up in boot.config
    "memorysetup-bucket-allocator-granularity=16"
    "memorysetup-bucket-allocator-bucket-count=8"
    "memorysetup-bucket-allocator-block-size=33554432"
    "memorysetup-bucket-allocator-block-count=8"
    "memorysetup-main-allocator-block-size=16777216"
    "memorysetup-thread-allocator-block-size=16777216"
    "memorysetup-gfx-main-allocator-block-size=16777216"
    "memorysetup-gfx-thread-allocator-block-size=16777216"
    "memorysetup-cache-allocator-block-size=4194304"
    "memorysetup-typetree-allocator-block-size=2097152"
    "memorysetup-profiler-bucket-allocator-granularity=16"
    "memorysetup-profiler-bucket-allocator-bucket-count=8"
    "memorysetup-profiler-bucket-allocator-block-size=33554432"
    "memorysetup-profiler-bucket-allocator-block-count=8"
    "memorysetup-profiler-allocator-block-size=16777216"
    "memorysetup-profiler-editor-allocator-block-size=1048576"
    "memorysetup-temp-allocator-size-main=16777216"
    "memorysetup-job-temp-allocator-block-size=2097152"
    "memorysetup-job-temp-allocator-block-size-background=1048576"
    "memorysetup-job-temp-allocator-reduction-small-platforms=262144"
    "memorysetup-allocator-temp-initial-block-size-main=262144"
    "memorysetup-allocator-temp-initial-block-size-worker=262144"
    "memorysetup-temp-allocator-size-background-worker=32768"
    "memorysetup-temp-allocator-size-job-worker=262144"
    "memorysetup-temp-allocator-size-preload-manager=33554432"
    "memorysetup-temp-allocator-size-nav-mesh-worker=65536"
    "memorysetup-temp-allocator-size-audio-worker=65536"
    "memorysetup-temp-allocator-size-cloud-worker=32768"
    "memorysetup-temp-allocator-size-gi-baking-worker=262144"
    "memorysetup-temp-allocator-size-gi-baking-worker=262144"
    "memorysetup-temp-allocator-size-gi-baking-worker=262144"
    "memorysetup-temp-allocator-size-gi-baking-worker=262144"
    "memorysetup-temp-allocator-size-gfx=262144"
Player connection [17332] Host "[IP] 192.168.1.221 [Port] 0 [Flags] 2 [Guid] 3147953622 [EditorId] 3147953622 [Version] 1048832 [Id] WindowsEditor(7,Admin-PC) [Debug] 1 [PackageName] WindowsEditor [ProjectName] Editor" joined multi-casting on [225.0.0.222:54997]...
Player connection [17332] Host "[IP] 192.168.1.221 [Port] 0 [Flags] 2 [Guid] 3147953622 [EditorId] 3147953622 [Version] 1048832 [Id] WindowsEditor(7,Admin-PC) [Debug] 1 [PackageName] WindowsEditor [ProjectName] Editor" joined alternative multi-casting on [225.0.0.222:34997]...
JobSystem: Creating JobQueue using job-worker-count value 5
[Physics::Module] Initialized MultithreadedJobDispatcher with 5 workers.
Library Redirect Path: Library/
Refreshing native plugins compatible for Editor in 1.17 ms, found 2 plugins.
Preloading 0 native plugins for Editor in 0.00 ms.
Initialize engine version: 2023.2.20f1 (0e25a174756c)
[Subsystems] Discovering subsystems at path D:/car/Car1-main/2023.2.20f1/Editor/Data/Resources/UnitySubsystems
[Subsystems] Discovering subsystems at path D:/RPG/Assets
GfxDevice: creating device client; kGfxThreadingModeNonThreaded
Direct3D:
    Version:  Direct3D 11.0 [level 11.1]
    Renderer: NVIDIA GeForce GTX 1650 (ID=0x1f9d)
    Vendor:   NVIDIA
    VRAM:     3962 MB
    Driver:   30.0.15.1274
Shader 'Custom/AdditiveTintable': fallback shader 'Particles/Additive (Soft)' not found
Shader 'WFX/Transparent Diffuse': fallback shader 'Particles/Alpha Blended' not found
Shader 'WFX/Transparent Specular': fallback shader 'Particles/Alpha Blended' not found
Initialize mono
Mono path[0] = 'D:/car/Car1-main/2023.2.20f1/Editor/Data/Managed'
Mono path[1] = 'D:/car/Car1-main/2023.2.20f1/Editor/Data/MonoBleedingEdge/lib/mono/unityjit-win32'
Mono config path = 'D:/car/Car1-main/2023.2.20f1/Editor/Data/MonoBleedingEdge/etc'
Using monoOptions --debugger-agent=transport=dt_socket,embedding=1,server=y,suspend=n,address=127.0.0.1:56348
Begin MonoManager ReloadAssembly
Registering precompiled unity dll's ...
Register platform support module: D:/car/Car1-main/2023.2.20f1/Editor/Data/PlaybackEngines/WindowsStandaloneSupport/UnityEditor.WindowsStandalone.Extensions.dll
Register platform support module: D:/car/Car1-main/2023.2.20f1/Editor/Data/PlaybackEngines/AndroidPlayer/UnityEditor.Android.Extensions.dll
Registered in 0.002745 seconds.
- Loaded All Assemblies, in  0.444 seconds
Native extension for Android target not found
Android Extension - Scanning For ADB Devices 238 ms
Native extension for WindowsStandalone target not found
Mono: successfully reloaded assembly
- Finished resetting the current domain, in  0.634 seconds
Domain Reload Profiling: 1078ms
	BeginReloadAssembly (170ms)
		ExecutionOrderSort (0ms)
		DisableScriptedObjects (0ms)
		BackupInstance (0ms)
		ReleaseScriptingObjects (0ms)
		CreateAndSetChildDomain (1ms)
	RebuildCommonClasses (38ms)
	RebuildNativeTypeToScriptingClass (19ms)
	initialDomainReloadingComplete (47ms)
	LoadAllAssembliesAndSetupDomain (170ms)
		LoadAssemblies (170ms)
		RebuildTransferFunctionScriptingTraits (0ms)
		AnalyzeDomain (167ms)
			TypeCache.Refresh (166ms)
				TypeCache.ScanAssembly (154ms)
			BuildScriptInfoCaches (0ms)
			ResolveRequiredComponents (0ms)
	FinalizeReload (635ms)
		ReleaseScriptCaches (0ms)
		RebuildScriptCaches (0ms)
		SetupLoadedEditorAssemblies (575ms)
			LogAssemblyErrors (0ms)
			InitializePlatformSupportModulesInManaged (349ms)
			SetLoadedEditorAssemblies (3ms)
			BeforeProcessingInitializeOnLoad (6ms)
			ProcessInitializeOnLoadAttributes (150ms)
			ProcessInitializeOnLoadMethodAttributes (66ms)
			AfterProcessingInitializeOnLoad (0ms)
			EditorAssembliesLoaded (0ms)
		ExecutionOrderSort2 (0ms)
		AwakeInstancesAfterBackupRestoration (0ms)
========================================================================
Worker process is ready to serve import requests
Import Worker Mode flag is 0x00
Begin MonoManager ReloadAssembly
- Loaded All Assemblies, in  0.797 seconds
Refreshing native plugins compatible for Editor in 0.65 ms, found 2 plugins.
Native extension for Android target not found
Native extension for WindowsStandalone target not found
Mono: successfully reloaded assembly
- Finished resetting the current domain, in  0.645 seconds
Domain Reload Profiling: 1442ms
	BeginReloadAssembly (405ms)
		ExecutionOrderSort (0ms)
		DisableScriptedObjects (6ms)
		BackupInstance (0ms)
		ReleaseScriptingObjects (0ms)
		CreateAndSetChildDomain (33ms)
	RebuildCommonClasses (37ms)
	RebuildNativeTypeToScriptingClass (13ms)
	initialDomainReloadingComplete (34ms)
	LoadAllAssembliesAndSetupDomain (307ms)
		LoadAssemblies (331ms)
		RebuildTransferFunctionScriptingTraits (0ms)
		AnalyzeDomain (112ms)
			TypeCache.Refresh (92ms)
				TypeCache.ScanAssembly (79ms)
			BuildScriptInfoCaches (13ms)
			ResolveRequiredComponents (4ms)
	FinalizeReload (646ms)
		ReleaseScriptCaches (0ms)
		RebuildScriptCaches (0ms)
		SetupLoadedEditorAssemblies (454ms)
			LogAssemblyErrors (0ms)
			InitializePlatformSupportModulesInManaged (19ms)
			SetLoadedEditorAssemblies (3ms)
			BeforeProcessingInitializeOnLoad (23ms)
			ProcessInitializeOnLoadAttributes (385ms)
			ProcessInitializeOnLoadMethodAttributes (22ms)
			AfterProcessingInitializeOnLoad (1ms)
			EditorAssembliesLoaded (0ms)
		ExecutionOrderSort2 (0ms)
		AwakeInstancesAfterBackupRestoration (8ms)
Shader 'Custom/AdditiveTintable': fallback shader 'Particles/Additive (Soft)' not found
Shader 'WFX/Transparent Specular': fallback shader 'Particles/Alpha Blended' not found
Shader 'WFX/Transparent Diffuse': fallback shader 'Particles/Alpha Blended' not found
Launched and connected shader compiler UnityShaderCompiler.exe after 0.01 seconds
Refreshing native plugins compatible for Editor in 0.76 ms, found 2 plugins.
Preloading 0 native plugins for Editor in 0.00 ms.
Unloading 70 Unused Serialized files (Serialized files now loaded: 0)
Unloading 2188 unused Assets / (0.9 MB). Loaded Objects now: 2846.
Memory consumption went from 203.9 MB to 203.0 MB.
Total: 8.252800 ms (FindLiveObjects: 0.278100 ms CreateObjectMapping: 0.264200 ms MarkObjects: 6.950800 ms  DeleteObjects: 0.758300 ms)

========================================================================
Received Import Request.
  Time since last request: 286.499249 seconds.
  path: Assets/Game/Scenes/Stage1.2.unity
  artifactKey: Guid(a3c2d2cd451c3c049817bde56959661d) Importer(815301076,1909f56bfc062723c751e8b465ee728b)
Start importing Assets/Game/Scenes/Stage1.2.unity using Guid(a3c2d2cd451c3c049817bde56959661d) Importer(815301076,1909f56bfc062723c751e8b465ee728b) (PreviewImporter) -> (artifact id: 'c06ff93d522b42e65749928e33f6a2f4') in 0.0061963 seconds
Number of updated asset objects reloaded before import = 0Number of asset objects unloaded after import = 0

========================================================================
Received Import Request.
  Time since last request: 14.306645 seconds.
  path: Assets/Game/Scenes/Stage1.1 1.unity
  artifactKey: Guid(59fc8b7f851a48747bfb20da4e8682a9) Importer(815301076,1909f56bfc062723c751e8b465ee728b)
Start importing Assets/Game/Scenes/Stage1.1 1.unity using Guid(59fc8b7f851a48747bfb20da4e8682a9) Importer(815301076,1909f56bfc062723c751e8b465ee728b) (PreviewImporter) -> (artifact id: 'bcb0686105a1d8c2aa7a832210ae041a') in 0.0004865 seconds
Number of updated asset objects reloaded before import = 0Number of asset objects unloaded after import = 0

========================================================================
Received Import Request.
  Time since last request: 3.333940 seconds.
  path: Assets/Game/Scenes/Stage1.2.unity
  artifactKey: Guid(59fc8b7f851a48747bfb20da4e8682a9) Importer(815301076,1909f56bfc062723c751e8b465ee728b)
Start importing Assets/Game/Scenes/Stage1.2.unity using Guid(59fc8b7f851a48747bfb20da4e8682a9) Importer(815301076,1909f56bfc062723c751e8b465ee728b) (PreviewImporter) -> (artifact id: '1d754cc1b07ead51c5b4e8534ce5fdb4') in 0.0006427 seconds
Number of updated asset objects reloaded before import = 0Number of asset objects unloaded after import = 0

========================================================================
Received Prepare
Begin MonoManager ReloadAssembly
- Loaded All Assemblies, in  0.606 seconds
Refreshing native plugins compatible for Editor in 1.35 ms, found 2 plugins.
Native extension for Android target not found
Native extension for WindowsStandalone target not found
Mono: successfully reloaded assembly
- Finished resetting the current domain, in  0.808 seconds
Domain Reload Profiling: 1415ms
	BeginReloadAssembly (230ms)
		ExecutionOrderSort (0ms)
		DisableScriptedObjects (6ms)
		BackupInstance (0ms)
		ReleaseScriptingObjects (0ms)
		CreateAndSetChildDomain (45ms)
	RebuildCommonClasses (36ms)
	RebuildNativeTypeToScriptingClass (14ms)
	initialDomainReloadingComplete (25ms)
	LoadAllAssembliesAndSetupDomain (301ms)
		LoadAssemblies (367ms)
		RebuildTransferFunctionScriptingTraits (0ms)
		AnalyzeDomain (79ms)
			TypeCache.Refresh (4ms)
				TypeCache.ScanAssembly (0ms)
			BuildScriptInfoCaches (68ms)
			ResolveRequiredComponents (4ms)
	FinalizeReload (808ms)
		ReleaseScriptCaches (0ms)
		RebuildScriptCaches (0ms)
		SetupLoadedEditorAssemblies (563ms)
			LogAssemblyErrors (0ms)
			InitializePlatformSupportModulesInManaged (28ms)
			SetLoadedEditorAssemblies (3ms)
			BeforeProcessingInitializeOnLoad (30ms)
			ProcessInitializeOnLoadAttributes (464ms)
			ProcessInitializeOnLoadMethodAttributes (36ms)
			AfterProcessingInitializeOnLoad (2ms)
			EditorAssembliesLoaded (0ms)
		ExecutionOrderSort2 (0ms)
		AwakeInstancesAfterBackupRestoration (11ms)
Shader 'Custom/AdditiveTintable': fallback shader 'Particles/Additive (Soft)' not found
Shader 'WFX/Transparent Specular': fallback shader 'Particles/Alpha Blended' not found
Shader 'WFX/Transparent Diffuse': fallback shader 'Particles/Alpha Blended' not found
Refreshing native plugins compatible for Editor in 0.88 ms, found 2 plugins.
Preloading 0 native plugins for Editor in 0.00 ms.
Unloading 1 Unused Serialized files (Serialized files now loaded: 0)
Unloading 2186 unused Assets / (0.6 MB). Loaded Objects now: 2848.
Memory consumption went from 188.6 MB to 188.0 MB.
Total: 7.687100 ms (FindLiveObjects: 0.357600 ms CreateObjectMapping: 0.315800 ms MarkObjects: 6.175700 ms  DeleteObjects: 0.837000 ms)

Prepare: number of updated asset objects reloaded= 0
========================================================================
Received Prepare
Begin MonoManager ReloadAssembly
- Loaded All Assemblies, in  0.529 seconds
Refreshing native plugins compatible for Editor in 0.68 ms, found 2 plugins.
Native extension for Android target not found
Native extension for WindowsStandalone target not found
Mono: successfully reloaded assembly
- Finished resetting the current domain, in  0.597 seconds
Domain Reload Profiling: 1127ms
	BeginReloadAssembly (196ms)
		ExecutionOrderSort (0ms)
		DisableScriptedObjects (6ms)
		BackupInstance (0ms)
		ReleaseScriptingObjects (0ms)
		CreateAndSetChildDomain (40ms)
	RebuildCommonClasses (40ms)
	RebuildNativeTypeToScriptingClass (12ms)
	initialDomainReloadingComplete (23ms)
	LoadAllAssembliesAndSetupDomain (258ms)
		LoadAssemblies (302ms)
		RebuildTransferFunctionScriptingTraits (0ms)
		AnalyzeDomain (73ms)
			TypeCache.Refresh (4ms)
				TypeCache.ScanAssembly (0ms)
			BuildScriptInfoCaches (62ms)
			ResolveRequiredComponents (4ms)
	FinalizeReload (597ms)
		ReleaseScriptCaches (0ms)
		RebuildScriptCaches (0ms)
		SetupLoadedEditorAssemblies (397ms)
			LogAssemblyErrors (0ms)
			InitializePlatformSupportModulesInManaged (19ms)
			SetLoadedEditorAssemblies (3ms)
			BeforeProcessingInitializeOnLoad (22ms)
			ProcessInitializeOnLoadAttributes (329ms)
			ProcessInitializeOnLoadMethodAttributes (22ms)
			AfterProcessingInitializeOnLoad (2ms)
			EditorAssembliesLoaded (0ms)
		ExecutionOrderSort2 (0ms)
		AwakeInstancesAfterBackupRestoration (10ms)
Shader 'Custom/AdditiveTintable': fallback shader 'Particles/Additive (Soft)' not found
Shader 'WFX/Transparent Specular': fallback shader 'Particles/Alpha Blended' not found
Shader 'WFX/Transparent Diffuse': fallback shader 'Particles/Alpha Blended' not found
Refreshing native plugins compatible for Editor in 1.18 ms, found 2 plugins.
Preloading 0 native plugins for Editor in 0.00 ms.
Unloading 1 Unused Serialized files (Serialized files now loaded: 0)
Unloading 2186 unused Assets / (0.6 MB). Loaded Objects now: 2848.
Memory consumption went from 190.6 MB to 190.0 MB.
Total: 5.740900 ms (FindLiveObjects: 0.270200 ms CreateObjectMapping: 0.258400 ms MarkObjects: 4.628200 ms  DeleteObjects: 0.583100 ms)

Prepare: number of updated asset objects reloaded= 0
========================================================================
Received Import Request.
  Time since last request: 332.622335 seconds.
  path: Assets/RPG Monster Wave PBR/Animations/Spider/attack1.anim
  artifactKey: Guid(7b41d5343e721a14dbb9c8cd6cd1b787) Importer(815301076,1909f56bfc062723c751e8b465ee728b)
Start importing Assets/RPG Monster Wave PBR/Animations/Spider/attack1.anim using Guid(7b41d5343e721a14dbb9c8cd6cd1b787) Importer(815301076,1909f56bfc062723c751e8b465ee728b) (PreviewImporter) -> (artifact id: '0e2d954bf3bf6e331382abefca5f4702') in 0.0432155 seconds
Number of updated asset objects reloaded before import = 0Number of asset objects unloaded after import = 1

========================================================================
Received Prepare
Begin MonoManager ReloadAssembly
- Loaded All Assemblies, in  4.215 seconds
Refreshing native plugins compatible for Editor in 0.88 ms, found 2 plugins.
Native extension for Android target not found
Native extension for WindowsStandalone target not found
Mono: successfully reloaded assembly
- Finished resetting the current domain, in  0.740 seconds
Domain Reload Profiling: 4956ms
	BeginReloadAssembly (209ms)
		ExecutionOrderSort (0ms)
		DisableScriptedObjects (5ms)
		BackupInstance (0ms)
		ReleaseScriptingObjects (0ms)
		CreateAndSetChildDomain (44ms)
	RebuildCommonClasses (36ms)
	RebuildNativeTypeToScriptingClass (13ms)
	initialDomainReloadingComplete (22ms)
	LoadAllAssembliesAndSetupDomain (3935ms)
		LoadAssemblies (3968ms)
		RebuildTransferFunctionScriptingTraits (0ms)
		AnalyzeDomain (96ms)
			TypeCache.Refresh (4ms)
				TypeCache.ScanAssembly (0ms)
			BuildScriptInfoCaches (83ms)
			ResolveRequiredComponents (5ms)
	FinalizeReload (741ms)
		ReleaseScriptCaches (0ms)
		RebuildScriptCaches (0ms)
		SetupLoadedEditorAssemblies (493ms)
			LogAssemblyErrors (0ms)
			InitializePlatformSupportModulesInManaged (23ms)
			SetLoadedEditorAssemblies (3ms)
			BeforeProcessingInitializeOnLoad (27ms)
			ProcessInitializeOnLoadAttributes (412ms)
			ProcessInitializeOnLoadMethodAttributes (25ms)
			AfterProcessingInitializeOnLoad (2ms)
			EditorAssembliesLoaded (0ms)
		ExecutionOrderSort2 (0ms)
		AwakeInstancesAfterBackupRestoration (12ms)
Shader 'Custom/AdditiveTintable': fallback shader 'Particles/Additive (Soft)' not found
Shader 'WFX/Transparent Specular': fallback shader 'Particles/Alpha Blended' not found
Shader 'WFX/Transparent Diffuse': fallback shader 'Particles/Alpha Blended' not found
Refreshing native plugins compatible for Editor in 1.02 ms, found 2 plugins.
Preloading 0 native plugins for Editor in 0.00 ms.
Unloading 1 Unused Serialized files (Serialized files now loaded: 0)
Unloading 2186 unused Assets / (0.6 MB). Loaded Objects now: 2849.
Memory consumption went from 192.5 MB to 191.9 MB.
Total: 8.653600 ms (FindLiveObjects: 0.455900 ms CreateObjectMapping: 0.284400 ms MarkObjects: 6.994000 ms  DeleteObjects: 0.918200 ms)

Prepare: number of updated asset objects reloaded= 0
========================================================================
Received Prepare
Begin MonoManager ReloadAssembly
- Loaded All Assemblies, in  0.520 seconds
Refreshing native plugins compatible for Editor in 0.76 ms, found 2 plugins.
Native extension for Android target not found
Native extension for WindowsStandalone target not found
Mono: successfully reloaded assembly
- Finished resetting the current domain, in  0.597 seconds
Domain Reload Profiling: 1117ms
	BeginReloadAssembly (195ms)
		ExecutionOrderSort (0ms)
		DisableScriptedObjects (9ms)
		BackupInstance (0ms)
		ReleaseScriptingObjects (0ms)
		CreateAndSetChildDomain (37ms)
	RebuildCommonClasses (35ms)
	RebuildNativeTypeToScriptingClass (14ms)
	initialDomainReloadingComplete (25ms)
	LoadAllAssembliesAndSetupDomain (251ms)
		LoadAssemblies (296ms)
		RebuildTransferFunctionScriptingTraits (0ms)
		AnalyzeDomain (72ms)
			TypeCache.Refresh (4ms)
				TypeCache.ScanAssembly (0ms)
			BuildScriptInfoCaches (61ms)
			ResolveRequiredComponents (4ms)
	FinalizeReload (597ms)
		ReleaseScriptCaches (0ms)
		RebuildScriptCaches (0ms)
		SetupLoadedEditorAssemblies (405ms)
			LogAssemblyErrors (0ms)
			InitializePlatformSupportModulesInManaged (19ms)
			SetLoadedEditorAssemblies (3ms)
			BeforeProcessingInitializeOnLoad (21ms)
			ProcessInitializeOnLoadAttributes (340ms)
			ProcessInitializeOnLoadMethodAttributes (21ms)
			AfterProcessingInitializeOnLoad (2ms)
			EditorAssembliesLoaded (0ms)
		ExecutionOrderSort2 (0ms)
		AwakeInstancesAfterBackupRestoration (9ms)
Shader 'Custom/AdditiveTintable': fallback shader 'Particles/Additive (Soft)' not found
Shader 'WFX/Transparent Specular': fallback shader 'Particles/Alpha Blended' not found
Shader 'WFX/Transparent Diffuse': fallback shader 'Particles/Alpha Blended' not found
Refreshing native plugins compatible for Editor in 0.81 ms, found 2 plugins.
Preloading 0 native plugins for Editor in 0.00 ms.
Unloading 1 Unused Serialized files (Serialized files now loaded: 0)
Unloading 2186 unused Assets / (478.6 KB). Loaded Objects now: 2849.
Memory consumption went from 194.4 MB to 194.0 MB.
Total: 6.052800 ms (FindLiveObjects: 0.265600 ms CreateObjectMapping: 0.239400 ms MarkObjects: 4.985200 ms  DeleteObjects: 0.561900 ms)

Prepare: number of updated asset objects reloaded= 0
========================================================================
Received Prepare
Begin MonoManager ReloadAssembly
- Loaded All Assemblies, in  0.504 seconds
Refreshing native plugins compatible for Editor in 0.66 ms, found 2 plugins.
Native extension for Android target not found
Native extension for WindowsStandalone target not found
Mono: successfully reloaded assembly
- Finished resetting the current domain, in  0.588 seconds
Domain Reload Profiling: 1093ms
	BeginReloadAssembly (198ms)
		ExecutionOrderSort (0ms)
		DisableScriptedObjects (5ms)
		BackupInstance (0ms)
		ReleaseScriptingObjects (0ms)
		CreateAndSetChildDomain (39ms)
	RebuildCommonClasses (38ms)
	RebuildNativeTypeToScriptingClass (13ms)
	initialDomainReloadingComplete (22ms)
	LoadAllAssembliesAndSetupDomain (235ms)
		LoadAssemblies (285ms)
		RebuildTransferFunctionScriptingTraits (0ms)
		AnalyzeDomain (71ms)
			TypeCache.Refresh (4ms)
				TypeCache.ScanAssembly (0ms)
			BuildScriptInfoCaches (60ms)
			ResolveRequiredComponents (4ms)
	FinalizeReload (588ms)
		ReleaseScriptCaches (0ms)
		RebuildScriptCaches (0ms)
		SetupLoadedEditorAssemblies (391ms)
			LogAssemblyErrors (0ms)
			InitializePlatformSupportModulesInManaged (18ms)
			SetLoadedEditorAssemblies (2ms)
			BeforeProcessingInitializeOnLoad (20ms)
			ProcessInitializeOnLoadAttributes (328ms)
			ProcessInitializeOnLoadMethodAttributes (20ms)
			AfterProcessingInitializeOnLoad (2ms)
			EditorAssembliesLoaded (0ms)
		ExecutionOrderSort2 (0ms)
		AwakeInstancesAfterBackupRestoration (9ms)
Shader 'Custom/AdditiveTintable': fallback shader 'Particles/Additive (Soft)' not found
Shader 'WFX/Transparent Specular': fallback shader 'Particles/Alpha Blended' not found
Shader 'WFX/Transparent Diffuse': fallback shader 'Particles/Alpha Blended' not found
Refreshing native plugins compatible for Editor in 0.74 ms, found 2 plugins.
Preloading 0 native plugins for Editor in 0.00 ms.
Unloading 1 Unused Serialized files (Serialized files now loaded: 0)
Unloading 2186 unused Assets / (0.5 MB). Loaded Objects now: 2849.
Memory consumption went from 196.4 MB to 195.8 MB.
Total: 5.576100 ms (FindLiveObjects: 0.248800 ms CreateObjectMapping: 0.214000 ms MarkObjects: 4.580900 ms  DeleteObjects: 0.531700 ms)

Prepare: number of updated asset objects reloaded= 0
========================================================================
Received Import Request.
  Time since last request: 304.428281 seconds.
  path: Assets/RPG Monster Wave PBR/Animations/Spider/attack2.anim
  artifactKey: Guid(c950198c569a1984b8fa385d36acdc87) Importer(815301076,1909f56bfc062723c751e8b465ee728b)
Start importing Assets/RPG Monster Wave PBR/Animations/Spider/attack2.anim using Guid(c950198c569a1984b8fa385d36acdc87) Importer(815301076,1909f56bfc062723c751e8b465ee728b) (PreviewImporter) -> (artifact id: '6af553a2f1771e1381b4e2763014f7fd') in 0.0606597 seconds
Number of updated asset objects reloaded before import = 0Number of asset objects unloaded after import = 1

========================================================================
Received Prepare
Begin MonoManager ReloadAssembly
- Loaded All Assemblies, in  0.516 seconds
Refreshing native plugins compatible for Editor in 0.76 ms, found 2 plugins.
Native extension for Android target not found
Native extension for WindowsStandalone target not found
Mono: successfully reloaded assembly
- Finished resetting the current domain, in  0.598 seconds
Domain Reload Profiling: 1114ms
	BeginReloadAssembly (197ms)
		ExecutionOrderSort (0ms)
		DisableScriptedObjects (5ms)
		BackupInstance (0ms)
		ReleaseScriptingObjects (0ms)
		CreateAndSetChildDomain (40ms)
	RebuildCommonClasses (35ms)
	RebuildNativeTypeToScriptingClass (13ms)
	initialDomainReloadingComplete (21ms)
	LoadAllAssembliesAndSetupDomain (251ms)
		LoadAssemblies (294ms)
		RebuildTransferFunctionScriptingTraits (0ms)
		AnalyzeDomain (75ms)
			TypeCache.Refresh (4ms)
				TypeCache.ScanAssembly (0ms)
			BuildScriptInfoCaches (65ms)
			ResolveRequiredComponents (4ms)
	FinalizeReload (598ms)
		ReleaseScriptCaches (0ms)
		RebuildScriptCaches (0ms)
		SetupLoadedEditorAssemblies (397ms)
			LogAssemblyErrors (0ms)
			InitializePlatformSupportModulesInManaged (20ms)
			SetLoadedEditorAssemblies (3ms)
			BeforeProcessingInitializeOnLoad (23ms)
			ProcessInitializeOnLoadAttributes (331ms)
			ProcessInitializeOnLoadMethodAttributes (19ms)
			AfterProcessingInitializeOnLoad (2ms)
			EditorAssembliesLoaded (0ms)
		ExecutionOrderSort2 (0ms)
		AwakeInstancesAfterBackupRestoration (11ms)
Shader 'Custom/AdditiveTintable': fallback shader 'Particles/Additive (Soft)' not found
Shader 'WFX/Transparent Specular': fallback shader 'Particles/Alpha Blended' not found
Shader 'WFX/Transparent Diffuse': fallback shader 'Particles/Alpha Blended' not found
Refreshing native plugins compatible for Editor in 0.89 ms, found 2 plugins.
Preloading 0 native plugins for Editor in 0.00 ms.
Unloading 1 Unused Serialized files (Serialized files now loaded: 0)
Unloading 2186 unused Assets / (0.6 MB). Loaded Objects now: 2849.
Memory consumption went from 198.3 MB to 197.7 MB.
Total: 7.166700 ms (FindLiveObjects: 0.316000 ms CreateObjectMapping: 0.288700 ms MarkObjects: 5.814500 ms  DeleteObjects: 0.746300 ms)

Prepare: number of updated asset objects reloaded= 0
========================================================================
Received Prepare
Begin MonoManager ReloadAssembly
- Loaded All Assemblies, in  0.495 seconds
Refreshing native plugins compatible for Editor in 0.64 ms, found 2 plugins.
Native extension for Android target not found
Native extension for WindowsStandalone target not found
Mono: successfully reloaded assembly
- Finished resetting the current domain, in  0.594 seconds
Domain Reload Profiling: 1091ms
	BeginReloadAssembly (187ms)
		ExecutionOrderSort (0ms)
		DisableScriptedObjects (5ms)
		BackupInstance (0ms)
		ReleaseScriptingObjects (0ms)
		CreateAndSetChildDomain (35ms)
	RebuildCommonClasses (40ms)
	RebuildNativeTypeToScriptingClass (13ms)
	initialDomainReloadingComplete (22ms)
	LoadAllAssembliesAndSetupDomain (235ms)
		LoadAssemblies (281ms)
		RebuildTransferFunctionScriptingTraits (0ms)
		AnalyzeDomain (68ms)
			TypeCache.Refresh (4ms)
				TypeCache.ScanAssembly (0ms)
			BuildScriptInfoCaches (58ms)
			ResolveRequiredComponents (4ms)
	FinalizeReload (595ms)
		ReleaseScriptCaches (0ms)
		RebuildScriptCaches (0ms)
		SetupLoadedEditorAssemblies (415ms)
			LogAssemblyErrors (0ms)
			InitializePlatformSupportModulesInManaged (38ms)
			SetLoadedEditorAssemblies (3ms)
			BeforeProcessingInitializeOnLoad (22ms)
			ProcessInitializeOnLoadAttributes (326ms)
			ProcessInitializeOnLoadMethodAttributes (24ms)
			AfterProcessingInitializeOnLoad (1ms)
			EditorAssembliesLoaded (0ms)
		ExecutionOrderSort2 (0ms)
		AwakeInstancesAfterBackupRestoration (8ms)
Shader 'Custom/AdditiveTintable': fallback shader 'Particles/Additive (Soft)' not found
Shader 'WFX/Transparent Specular': fallback shader 'Particles/Alpha Blended' not found
Shader 'WFX/Transparent Diffuse': fallback shader 'Particles/Alpha Blended' not found
Refreshing native plugins compatible for Editor in 0.73 ms, found 2 plugins.
Preloading 0 native plugins for Editor in 0.00 ms.
Unloading 1 Unused Serialized files (Serialized files now loaded: 0)
Unloading 2186 unused Assets / (0.6 MB). Loaded Objects now: 2849.
Memory consumption went from 200.2 MB to 199.6 MB.
Total: 5.847900 ms (FindLiveObjects: 0.262900 ms CreateObjectMapping: 0.244200 ms MarkObjects: 4.704900 ms  DeleteObjects: 0.634800 ms)

Prepare: number of updated asset objects reloaded= 0
========================================================================
Received Prepare
Begin MonoManager ReloadAssembly
- Loaded All Assemblies, in  0.538 seconds
Refreshing native plugins compatible for Editor in 0.67 ms, found 2 plugins.
Native extension for Android target not found
Native extension for WindowsStandalone target not found
Mono: successfully reloaded assembly
- Finished resetting the current domain, in  0.598 seconds
Domain Reload Profiling: 1136ms
	BeginReloadAssembly (194ms)
		ExecutionOrderSort (0ms)
		DisableScriptedObjects (5ms)
		BackupInstance (0ms)
		ReleaseScriptingObjects (0ms)
		CreateAndSetChildDomain (37ms)
	RebuildCommonClasses (57ms)
	RebuildNativeTypeToScriptingClass (15ms)
	initialDomainReloadingComplete (29ms)
	LoadAllAssembliesAndSetupDomain (242ms)
		LoadAssemblies (285ms)
		RebuildTransferFunctionScriptingTraits (0ms)
		AnalyzeDomain (74ms)
			TypeCache.Refresh (4ms)
				TypeCache.ScanAssembly (0ms)
			BuildScriptInfoCaches (64ms)
			ResolveRequiredComponents (4ms)
	FinalizeReload (599ms)
		ReleaseScriptCaches (0ms)
		RebuildScriptCaches (0ms)
		SetupLoadedEditorAssemblies (407ms)
			LogAssemblyErrors (0ms)
			InitializePlatformSupportModulesInManaged (18ms)
			SetLoadedEditorAssemblies (3ms)
			BeforeProcessingInitializeOnLoad (22ms)
			ProcessInitializeOnLoadAttributes (343ms)
			ProcessInitializeOnLoadMethodAttributes (20ms)
			AfterProcessingInitializeOnLoad (2ms)
			EditorAssembliesLoaded (0ms)
		ExecutionOrderSort2 (0ms)
		AwakeInstancesAfterBackupRestoration (8ms)
Shader 'Custom/AdditiveTintable': fallback shader 'Particles/Additive (Soft)' not found
Shader 'WFX/Transparent Specular': fallback shader 'Particles/Alpha Blended' not found
Shader 'WFX/Transparent Diffuse': fallback shader 'Particles/Alpha Blended' not found
Refreshing native plugins compatible for Editor in 0.79 ms, found 2 plugins.
Preloading 0 native plugins for Editor in 0.00 ms.
Unloading 1 Unused Serialized files (Serialized files now loaded: 0)
Unloading 2186 unused Assets / (0.6 MB). Loaded Objects now: 2849.
Memory consumption went from 202.1 MB to 201.6 MB.
Total: 6.590600 ms (FindLiveObjects: 0.391200 ms CreateObjectMapping: 0.320600 ms MarkObjects: 5.260200 ms  DeleteObjects: 0.617400 ms)

Prepare: number of updated asset objects reloaded= 0
========================================================================
Received Import Request.
  Time since last request: 725.360613 seconds.
  path: Assets/ClassicFantasyRPG_UI/ARTWORKS/UIicons/Flat/Blue/42_rhombus.png
  artifactKey: Guid(147411a9dc8b0be458fb847a455c38f5) Importer(815301076,1909f56bfc062723c751e8b465ee728b)
Start importing Assets/ClassicFantasyRPG_UI/ARTWORKS/UIicons/Flat/Blue/42_rhombus.png using Guid(147411a9dc8b0be458fb847a455c38f5) Importer(815301076,1909f56bfc062723c751e8b465ee728b) (PreviewImporter) -> (artifact id: '0a3d037f486e54c1758348a5f19f8a7e') in 0.1189442 seconds
Number of updated asset objects reloaded before import = 0Number of asset objects unloaded after import = 3

========================================================================
Received Import Request.
  Time since last request: 0.000022 seconds.
  path: Assets/ClassicFantasyRPG_UI/ARTWORKS/UIicons/Flat/Gray/42_rhombus.png
  artifactKey: Guid(03f865b1c9431f64d866a2182a7732d9) Importer(815301076,1909f56bfc062723c751e8b465ee728b)
Start importing Assets/ClassicFantasyRPG_UI/ARTWORKS/UIicons/Flat/Gray/42_rhombus.png using Guid(03f865b1c9431f64d866a2182a7732d9) Importer(815301076,1909f56bfc062723c751e8b465ee728b) (PreviewImporter) -> (artifact id: '668f996faecc3494a0dc5d093cfc9f5a') in 0.0270645 seconds
Number of updated asset objects reloaded before import = 0Number of asset objects unloaded after import = 3

========================================================================
Received Import Request.
  Time since last request: 0.000024 seconds.
  path: Assets/ClassicFantasyRPG_UI/ARTWORKS/UIicons/Flat/Standart/42_rhombus.png
  artifactKey: Guid(4987299f2887ca34e9775de630a82d8f) Importer(815301076,1909f56bfc062723c751e8b465ee728b)
Start importing Assets/ClassicFantasyRPG_UI/ARTWORKS/UIicons/Flat/Standart/42_rhombus.png using Guid(4987299f2887ca34e9775de630a82d8f) Importer(815301076,1909f56bfc062723c751e8b465ee728b) (PreviewImporter) -> (artifact id: '464fd9a0a51744edaa88da29ac2e32d6') in 0.0243959 seconds
Number of updated asset objects reloaded before import = 0Number of asset objects unloaded after import = 3

========================================================================
Received Import Request.
  Time since last request: 0.000024 seconds.
  path: Assets/ClassicFantasyRPG_UI/ARTWORKS/UIicons/Flat/Yellow/42_rhombus.png
  artifactKey: Guid(2f28e3cb6a5009043967bb0e4d61b8dc) Importer(815301076,1909f56bfc062723c751e8b465ee728b)
Start importing Assets/ClassicFantasyRPG_UI/ARTWORKS/UIicons/Flat/Yellow/42_rhombus.png using Guid(2f28e3cb6a5009043967bb0e4d61b8dc) Importer(815301076,1909f56bfc062723c751e8b465ee728b) (PreviewImporter) -> (artifact id: '8ab6de26019f72292e5e9436e53a7ea1') in 0.0158308 seconds
Number of updated asset objects reloaded before import = 0Number of asset objects unloaded after import = 3

========================================================================
Received Import Request.
  Time since last request: 0.000019 seconds.
  path: Assets/ClassicFantasyRPG_UI/ARTWORKS/UIicons/Flat/Purple/42_rhombus.png
  artifactKey: Guid(049436a2691fea4409917c8b5a44923b) Importer(815301076,1909f56bfc062723c751e8b465ee728b)
Start importing Assets/ClassicFantasyRPG_UI/ARTWORKS/UIicons/Flat/Purple/42_rhombus.png using Guid(049436a2691fea4409917c8b5a44923b) Importer(815301076,1909f56bfc062723c751e8b465ee728b) (PreviewImporter) -> (artifact id: '344b3d989c517e1284541c1bbd47c195') in 0.0167432 seconds
Number of updated asset objects reloaded before import = 0Number of asset objects unloaded after import = 3

========================================================================
Received Import Request.
  Time since last request: 0.000022 seconds.
  path: Assets/ClassicFantasyRPG_UI/ARTWORKS/UIicons/Flat/Green/42_rhombus.png
  artifactKey: Guid(177b24c762ab0264badfce8aa336bf1b) Importer(815301076,1909f56bfc062723c751e8b465ee728b)
Start importing Assets/ClassicFantasyRPG_UI/ARTWORKS/UIicons/Flat/Green/42_rhombus.png using Guid(177b24c762ab0264badfce8aa336bf1b) Importer(815301076,1909f56bfc062723c751e8b465ee728b) (PreviewImporter) -> (artifact id: 'e1492f77d577c44f6b1080bc3c35583d') in 0.0191472 seconds
Number of updated asset objects reloaded before import = 0Number of asset objects unloaded after import = 3

========================================================================
Received Import Request.
  Time since last request: 0.192921 seconds.
  path: Assets/Hovl Studio/HSFiles/Models/Bullet.fbx
  artifactKey: Guid(964199ec649ef9c4b81c0d63a1fa19e7) Importer(815301076,1909f56bfc062723c751e8b465ee728b)
Start importing Assets/Hovl Studio/HSFiles/Models/Bullet.fbx using Guid(964199ec649ef9c4b81c0d63a1fa19e7) Importer(815301076,1909f56bfc062723c751e8b465ee728b) (PreviewImporter) -> (artifact id: '6892c54d2c9b431ce53845540fd291bb') in 0.0895019 seconds
Number of updated asset objects reloaded before import = 0Number of asset objects unloaded after import = 7

========================================================================
Received Import Request.
  Time since last request: 0.000028 seconds.
  path: Assets/SpecialSkillsEffectsPack/AllEffects/EffectsSet_2(ScriptBased)/Materials/Effect_22_BigShot/Effect_22_Bullet.mat
  artifactKey: Guid(8f1c5c1d38bc82845bf011811b2d25b1) Importer(815301076,1909f56bfc062723c751e8b465ee728b)
Start importing Assets/SpecialSkillsEffectsPack/AllEffects/EffectsSet_2(ScriptBased)/Materials/Effect_22_BigShot/Effect_22_Bullet.mat using Guid(8f1c5c1d38bc82845bf011811b2d25b1) Importer(815301076,1909f56bfc062723c751e8b465ee728b) (PreviewImporter) -> (artifact id: '015dff344ade35401d0025d5ec044f72') in 0.0718993 seconds
Number of updated asset objects reloaded before import = 0Number of asset objects unloaded after import = 2

========================================================================
Received Import Request.
  Time since last request: 0.000025 seconds.
  path: Assets/SpecialSkillsEffectsPack/AllEffects/EffectsSet_2(ScriptBased)/Effects/Effect_45_MultipleLaserCanon/Effect_45_Parts/Effect_45_Bullet_2.prefab
  artifactKey: Guid(add560c5d16a70948a8130eed415979f) Importer(815301076,1909f56bfc062723c751e8b465ee728b)
Start importing Assets/SpecialSkillsEffectsPack/AllEffects/EffectsSet_2(ScriptBased)/Effects/Effect_45_MultipleLaserCanon/Effect_45_Parts/Effect_45_Bullet_2.prefab using Guid(add560c5d16a70948a8130eed415979f) Importer(815301076,1909f56bfc062723c751e8b465ee728b) (PreviewImporter) -> (artifact id: 'e8cfdbc8593ba6e3b4f81e8be8969cd4') in 0.0474488 seconds
Number of updated asset objects reloaded before import = 0Number of asset objects unloaded after import = 34

========================================================================
Received Import Request.
  Time since last request: 0.000029 seconds.
  path: Assets/SpecialSkillsEffectsPack/AllEffects/EffectsSet_2(ScriptBased)/Effects/Effect_45_MultipleLaserCanon/Effect_45_Parts/Effect_45_Bullet.prefab
  artifactKey: Guid(6d149d12515658244a3bea0313e1b491) Importer(815301076,1909f56bfc062723c751e8b465ee728b)
Start importing Assets/SpecialSkillsEffectsPack/AllEffects/EffectsSet_2(ScriptBased)/Effects/Effect_45_MultipleLaserCanon/Effect_45_Parts/Effect_45_Bullet.prefab using Guid(6d149d12515658244a3bea0313e1b491) Importer(815301076,1909f56bfc062723c751e8b465ee728b) (PreviewImporter) -> (artifact id: 'e475d609e2cac1a3fd6f2263c0abdb6a') in 0.0166333 seconds
Number of updated asset objects reloaded before import = 0Number of asset objects unloaded after import = 34

========================================================================
Received Import Request.
  Time since last request: 0.000020 seconds.
  path: Assets/SpecialSkillsEffectsPack/AllEffects/EffectsSet_2(ScriptBased)/Materials/Effect_22_BigShot/Effect_22_Bullet_3.mat
  artifactKey: Guid(205aca6483bea1240b6793d5225ee55b) Importer(815301076,1909f56bfc062723c751e8b465ee728b)
Start importing Assets/SpecialSkillsEffectsPack/AllEffects/EffectsSet_2(ScriptBased)/Materials/Effect_22_BigShot/Effect_22_Bullet_3.mat using Guid(205aca6483bea1240b6793d5225ee55b) Importer(815301076,1909f56bfc062723c751e8b465ee728b) (PreviewImporter) -> (artifact id: 'ec45725f8380688599a875f3817b5d62') in 0.0123547 seconds
Number of updated asset objects reloaded before import = 0Number of asset objects unloaded after import = 2

========================================================================
Received Import Request.
  Time since last request: 0.000018 seconds.
  path: Assets/SpecialSkillsEffectsPack/AllEffects/EffectsSet_2(ScriptBased)/Materials/Effect_45_Materials/Effect_45_Bullet_2.mat
  artifactKey: Guid(aadde4010e4b3de44890afd2b527a8c0) Importer(815301076,1909f56bfc062723c751e8b465ee728b)
Start importing Assets/SpecialSkillsEffectsPack/AllEffects/EffectsSet_2(ScriptBased)/Materials/Effect_45_Materials/Effect_45_Bullet_2.mat using Guid(aadde4010e4b3de44890afd2b527a8c0) Importer(815301076,1909f56bfc062723c751e8b465ee728b) (PreviewImporter) -> (artifact id: '9730fe2e56201aac6e9cc01f5e52427e') in 0.0161965 seconds
Number of updated asset objects reloaded before import = 0Number of asset objects unloaded after import = 2

========================================================================
Received Import Request.
  Time since last request: 0.000018 seconds.
  path: Assets/SpecialSkillsEffectsPack/AllEffects/EffectsSet_2(ScriptBased)/Effects/Effect_22_BigShot/Effect_22_Parts/Effect_22_Bullet_4.prefab
  artifactKey: Guid(683d04b0196fb67489ac5c539546c35a) Importer(815301076,1909f56bfc062723c751e8b465ee728b)
Start importing Assets/SpecialSkillsEffectsPack/AllEffects/EffectsSet_2(ScriptBased)/Effects/Effect_22_BigShot/Effect_22_Parts/Effect_22_Bullet_4.prefab using Guid(683d04b0196fb67489ac5c539546c35a) Importer(815301076,1909f56bfc062723c751e8b465ee728b) (PreviewImporter) -> (artifact id: '2a4b8e313ece7c53e85cdfbf6182c61c') in 0.0184725 seconds
Number of updated asset objects reloaded before import = 0Number of asset objects unloaded after import = 36

========================================================================
Received Import Request.
  Time since last request: 0.000023 seconds.
  path: Assets/SpecialSkillsEffectsPack/AllEffects/EffectsSet_1(NotScriptBased)/Effects/Effect_41_Airstrike/Effect_41_Base/Effect_41_BulletTraiParticle.prefab
  artifactKey: Guid(5edb89cc23489fe45a675b8dd24501e9) Importer(815301076,1909f56bfc062723c751e8b465ee728b)
Start importing Assets/SpecialSkillsEffectsPack/AllEffects/EffectsSet_1(NotScriptBased)/Effects/Effect_41_Airstrike/Effect_41_Base/Effect_41_BulletTraiParticle.prefab using Guid(5edb89cc23489fe45a675b8dd24501e9) Importer(815301076,1909f56bfc062723c751e8b465ee728b) (PreviewImporter) -> (artifact id: 'dbb752037c69fbef709974c756d17791') in 0.0524479 seconds
Number of updated asset objects reloaded before import = 0Number of asset objects unloaded after import = 9

========================================================================
Received Import Request.
  Time since last request: 0.000024 seconds.
  path: Assets/SpecialSkillsEffectsPack/AllEffects/EffectsSet_2(ScriptBased)/Effects/Effect_22_BigShot/Effect_22_Parts/Effect_22_Bullet_3.prefab
  artifactKey: Guid(44f896d74286d7b418e90fe842c9ac3d) Importer(815301076,1909f56bfc062723c751e8b465ee728b)
Start importing Assets/SpecialSkillsEffectsPack/AllEffects/EffectsSet_2(ScriptBased)/Effects/Effect_22_BigShot/Effect_22_Parts/Effect_22_Bullet_3.prefab using Guid(44f896d74286d7b418e90fe842c9ac3d) Importer(815301076,1909f56bfc062723c751e8b465ee728b) (PreviewImporter) -> (artifact id: '6b8763360fe1b5f4d9aa9c3684c4e585') in 0.0210851 seconds
Number of updated asset objects reloaded before import = 0Number of asset objects unloaded after import = 34

========================================================================
Received Import Request.
  Time since last request: 0.000019 seconds.
  path: Assets/SpecialSkillsEffectsPack/AllEffects/EffectsSet_2(ScriptBased)/Materials/Effect_15_Materials/Effect_15_Bullet.mat
  artifactKey: Guid(7fcbd1f794f682342bcfe3f4ebddaa82) Importer(815301076,1909f56bfc062723c751e8b465ee728b)
Start importing Assets/SpecialSkillsEffectsPack/AllEffects/EffectsSet_2(ScriptBased)/Materials/Effect_15_Materials/Effect_15_Bullet.mat using Guid(7fcbd1f794f682342bcfe3f4ebddaa82) Importer(815301076,1909f56bfc062723c751e8b465ee728b) (PreviewImporter) -> (artifact id: '744ae54d3c991d2c0789f53884b2f089') in 0.0171437 seconds
Number of updated asset objects reloaded before import = 0Number of asset objects unloaded after import = 2

========================================================================
Received Import Request.
  Time since last request: 0.000019 seconds.
  path: Assets/SpecialSkillsEffectsPack/AllEffects/EffectsSet_2(ScriptBased)/Effects/Effect_15_MultipleShot/Effect_15_Parts/Effect_15_Bullet.prefab
  artifactKey: Guid(0b32f9d26027151468b46b0466786ddd) Importer(815301076,1909f56bfc062723c751e8b465ee728b)
Start importing Assets/SpecialSkillsEffectsPack/AllEffects/EffectsSet_2(ScriptBased)/Effects/Effect_15_MultipleShot/Effect_15_Parts/Effect_15_Bullet.prefab using Guid(0b32f9d26027151468b46b0466786ddd) Importer(815301076,1909f56bfc062723c751e8b465ee728b) (PreviewImporter) -> (artifact id: 'a81dd2c852e670ff9a68a66410ed977b') in 0.0349857 seconds
Number of updated asset objects reloaded before import = 0Number of asset objects unloaded after import = 28

========================================================================
Received Import Request.
  Time since last request: 0.000018 seconds.
  path: Assets/SpecialSkillsEffectsPack/AllEffects/EffectsSet_2(ScriptBased)/Materials/Effect_45_Materials/Effect_45_Bullet.mat
  artifactKey: Guid(ceada43c0bb1a144289bace9b3873fb8) Importer(815301076,1909f56bfc062723c751e8b465ee728b)
Start importing Assets/SpecialSkillsEffectsPack/AllEffects/EffectsSet_2(ScriptBased)/Materials/Effect_45_Materials/Effect_45_Bullet.mat using Guid(ceada43c0bb1a144289bace9b3873fb8) Importer(815301076,1909f56bfc062723c751e8b465ee728b) (PreviewImporter) -> (artifact id: '2d7a1ca49661f08d707450f07a27fc0f') in 0.0168596 seconds
Number of updated asset objects reloaded before import = 0Number of asset objects unloaded after import = 2

========================================================================
Received Import Request.
  Time since last request: 0.000024 seconds.
  path: Assets/SpecialSkillsEffectsPack/AllEffects/EffectsSet_2(ScriptBased)/Materials/Effect_23_Materials/Effect_23_Bullet.mat
  artifactKey: Guid(9b56733a24140bf459206848f4d3dd3f) Importer(815301076,1909f56bfc062723c751e8b465ee728b)
Start importing Assets/SpecialSkillsEffectsPack/AllEffects/EffectsSet_2(ScriptBased)/Materials/Effect_23_Materials/Effect_23_Bullet.mat using Guid(9b56733a24140bf459206848f4d3dd3f) Importer(815301076,1909f56bfc062723c751e8b465ee728b) (PreviewImporter) -> (artifact id: 'f5056fdb708d27dbee12b23e0ea91a8f') in 0.0088346 seconds
Number of updated asset objects reloaded before import = 0Number of asset objects unloaded after import = 2

========================================================================
Received Import Request.
  Time since last request: 0.000032 seconds.
  path: Assets/SpecialSkillsEffectsPack/AllEffects/EffectsSet_1(NotScriptBased)/Effects/Effect_41_Airstrike/Effect_41_Base/Effect_41_BulletExplosion.prefab
  artifactKey: Guid(b7dc6f5c2cb87e841b65a16631749418) Importer(815301076,1909f56bfc062723c751e8b465ee728b)
Start importing Assets/SpecialSkillsEffectsPack/AllEffects/EffectsSet_1(NotScriptBased)/Effects/Effect_41_Airstrike/Effect_41_Base/Effect_41_BulletExplosion.prefab using Guid(b7dc6f5c2cb87e841b65a16631749418) Importer(815301076,1909f56bfc062723c751e8b465ee728b) (PreviewImporter) -> (artifact id: 'e977cc532381e6975517d19b976b408f') in 0.0279943 seconds
Number of updated asset objects reloaded before import = 0Number of asset objects unloaded after import = 17

========================================================================
Received Import Request.
  Time since last request: 0.614696 seconds.
  path: Assets/Game/Prefab/EnemyBullet/EnemyBulletNature.prefab
  artifactKey: Guid(8e3aea7a81e993d4c958d92c103d4d93) Importer(815301076,1909f56bfc062723c751e8b465ee728b)
Start importing Assets/Game/Prefab/EnemyBullet/EnemyBulletNature.prefab using Guid(8e3aea7a81e993d4c958d92c103d4d93) Importer(815301076,1909f56bfc062723c751e8b465ee728b) (PreviewImporter) -> (artifact id: '6f78c3d82bf89f2a51bba940846d896c') in 0.1607794 seconds
Number of updated asset objects reloaded before import = 0Number of asset objects unloaded after import = 273

========================================================================
Received Import Request.
  Time since last request: 0.000028 seconds.
  path: Assets/WarFx/WarFX/Desktop/Materials/Bullet Holes/WFX_BulletHole Metal.mat
  artifactKey: Guid(042184d6004731842a52c613f8df564d) Importer(815301076,1909f56bfc062723c751e8b465ee728b)
Start importing Assets/WarFx/WarFX/Desktop/Materials/Bullet Holes/WFX_BulletHole Metal.mat using Guid(042184d6004731842a52c613f8df564d) Importer(815301076,1909f56bfc062723c751e8b465ee728b) (PreviewImporter) -> (artifact id: '38278c300d6977a709183ae1c9a91cb9') in 0.0175946 seconds
Number of updated asset objects reloaded before import = 0Number of asset objects unloaded after import = 2

========================================================================
Received Prepare
Begin MonoManager ReloadAssembly
- Loaded All Assemblies, in  0.589 seconds
Refreshing native plugins compatible for Editor in 0.72 ms, found 2 plugins.
Native extension for Android target not found
Native extension for WindowsStandalone target not found
Mono: successfully reloaded assembly
- Finished resetting the current domain, in  0.680 seconds
Domain Reload Profiling: 1270ms
	BeginReloadAssembly (232ms)
		ExecutionOrderSort (0ms)
		DisableScriptedObjects (5ms)
		BackupInstance (0ms)
		ReleaseScriptingObjects (0ms)
		CreateAndSetChildDomain (44ms)
	RebuildCommonClasses (43ms)
	RebuildNativeTypeToScriptingClass (14ms)
	initialDomainReloadingComplete (27ms)
	LoadAllAssembliesAndSetupDomain (273ms)
		LoadAssemblies (323ms)
		RebuildTransferFunctionScriptingTraits (0ms)
		AnalyzeDomain (81ms)
			TypeCache.Refresh (4ms)
				TypeCache.ScanAssembly (0ms)
			BuildScriptInfoCaches (66ms)
			ResolveRequiredComponents (8ms)
	FinalizeReload (680ms)
		ReleaseScriptCaches (0ms)
		RebuildScriptCaches (0ms)
		SetupLoadedEditorAssemblies (450ms)
			LogAssemblyErrors (0ms)
			InitializePlatformSupportModulesInManaged (25ms)
			SetLoadedEditorAssemblies (4ms)
			BeforeProcessingInitializeOnLoad (24ms)
			ProcessInitializeOnLoadAttributes (373ms)
			ProcessInitializeOnLoadMethodAttributes (21ms)
			AfterProcessingInitializeOnLoad (2ms)
			EditorAssembliesLoaded (0ms)
		ExecutionOrderSort2 (0ms)
		AwakeInstancesAfterBackupRestoration (10ms)
Shader 'Custom/AdditiveTintable': fallback shader 'Particles/Additive (Soft)' not found
Shader 'WFX/Transparent Specular': fallback shader 'Particles/Alpha Blended' not found
Shader 'WFX/Transparent Diffuse': fallback shader 'Particles/Alpha Blended' not found
Refreshing native plugins compatible for Editor in 0.73 ms, found 2 plugins.
Preloading 0 native plugins for Editor in 0.00 ms.
Unloading 1 Unused Serialized files (Serialized files now loaded: 0)
Unloading 2187 unused Assets / (0.7 MB). Loaded Objects now: 2895.
Memory consumption went from 203.9 MB to 203.2 MB.
Total: 7.005900 ms (FindLiveObjects: 0.385400 ms CreateObjectMapping: 0.378300 ms MarkObjects: 5.546600 ms  DeleteObjects: 0.694900 ms)

Prepare: number of updated asset objects reloaded= 0
Editor requested this worker to shutdown with reason: Scaling down because of idle timeout
AssetImportWorker is now disconnected from the server
Process exiting
Exiting without the bug reporter. Application will terminate with return code 0